image 1
  100.000000000000000000E+00
   99.750623441394921542E+00
   99.501246882789843085E+00
   99.251870324184778838E+00
   99.002493765579728802E+00
   98.753117206974678766E+00
   98.503740648369642940E+00
   98.254364089764621326E+00
   98.004987531159599712E+00
   97.755610972554592308E+00
   97.506234413949599116E+00
   97.256857855344605923E+00
   97.007481296739626941E+00
   96.758104738134662171E+00
   96.508728179529697400E+00
   96.259351620924746840E+00
   96.009975062319810490E+00
   95.760598503714874141E+00
   95.511221945109952003E+00
   95.261845386505044075E+00
   95.012468827900136148E+00
   94.763092269295242431E+00
   94.513715710690362926E+00
   94.264339152085483420E+00
   94.014962593480618125E+00
   93.765586034875767041E+00
   93.516209476270915957E+00
   93.266832917666079084E+00
   93.017456359061256421E+00
   92.768079800456433759E+00
   92.518703241851625307E+00
   92.269326683246831067E+00
   92.019950124642036826E+00
   91.770573566037256796E+00
   91.521197007432490977E+00
   91.271820448827725158E+00
   91.022443890222973550E+00
   90.773067331618236153E+00
   90.523690773013498756E+00
   90.274314214408775570E+00
   90.024937655804066594E+00
   89.775561097199357619E+00
   89.526184538594662854E+00
   89.276807979989982300E+00
   89.027431421385301746E+00
   88.778054862780635403E+00
   88.528678304175983271E+00
   88.279301745571331139E+00
   88.029925186966693218E+00
   87.780548628362069508E+00
   87.531172069757445797E+00
   87.281795511152836298E+00
   87.032418952548241009E+00
   86.783042393943645720E+00
   86.533665835339064643E+00
   86.284289276734497776E+00
   86.034912718129930909E+00
   85.785536159525378253E+00
   85.536159600920839807E+00
   85.286783042316301362E+00
   85.037406483711777128E+00
   84.788029925107267104E+00
   84.538653366502757081E+00
   84.289276807898261268E+00
   84.039900249293779666E+00
   83.790523690689298064E+00
   83.541147132084830673E+00
   83.291770573480377493E+00
   83.042394014875924313E+00
   82.793017456271485344E+00
   82.543640897667060585E+00
   82.294264339062635827E+00
   82.044887780458225279E+00
   81.795511221853828943E+00
   81.546134663249432606E+00
   81.296758104645050480E+00
   81.047381546040682565E+00
   80.798004987436314650E+00
   80.548628428831960946E+00
   80.299251870227621453E+00
   80.049875311623281959E+00
   79.800498753018956677E+00
   79.551122194414645605E+00
   79.301745635810334534E+00
   79.052369077206037673E+00
   78.802992518601755023E+00
   78.553615959997472373E+00
   78.304239401393203934E+00
   78.054862842788949706E+00
   77.805486284184695478E+00
   77.556109725580455461E+00
   77.306733166976229654E+00
   77.057356608372003848E+00
   76.807980049767792252E+00
   76.558603491163594867E+00
   76.309226932559397483E+00
   76.059850373955214309E+00
   75.810473815351045346E+00
   75.561097256746876383E+00
   75.311720698142721631E+00
   75.062344139538581089E+00
   74.812967580934440548E+00
