image 4
   25.187032418849923943E+00
   24.937655860247012640E+00
   24.688279301644119101E+00
   24.438902743041239773E+00
   24.189526184438371104E+00
   23.940149625835513092E+00
   23.690773067232669291E+00
   23.441396508629836148E+00
   23.192019950027017217E+00
   22.942643391424208943E+00
   22.693266832821411327E+00
   22.443890274218627923E+00
   22.194513715615855176E+00
   21.945137157013093088E+00
   21.695760598410338105E+00
   21.446384039807600885E+00
   21.197007481204870771E+00
   20.947630922602158421E+00
   20.698254363999449623E+00
   20.448877805396755036E+00
   20.199501246794064002E+00
   19.950124688191390732E+00
   19.700748129588724566E+00
   19.451371570986069059E+00
   19.201995012383420658E+00
   18.952618453780786467E+00
   18.703241895178155829E+00
   18.453865336575539402E+00
   18.204488777972930080E+00
   17.955112219370334969E+00
   17.705735660767743411E+00
   17.456359102165166064E+00
   17.206982543562592269E+00
   16.957605984960032686E+00
   16.708229426357480207E+00
   16.458852867754941940E+00
   16.209476309152407225E+00
   15.960099750549890274E+00
   15.710723191947375099E+00
   15.461346633344874135E+00
   15.211970074742374948E+00
   14.962593516139891747E+00
   14.713216957537408547E+00
   14.463840398934941334E+00
   14.214463840332474120E+00
   13.965087281730021118E+00
   13.715710723127568116E+00
   13.466334164525129324E+00
   13.216957605922688757E+00
   12.967581047320262400E+00
   12.718204488717834266E+00
   12.468827930115420344E+00
   12.219451371513004645E+00
   11.970074812910601381E+00
   11.720698254308198116E+00
   11.471321695705807286E+00
   11.221945137103414680E+00
   10.972568578501032732E+00
   10.723192019898652561E+00
   10.473815461296283047E+00
   10.224438902693913533E+00
    9.975062344091554678E+00
    9.725685785489194046E+00
    9.476309226886845849E+00
    9.226932668284497652E+00
    8.977556109682158336E+00
    8.728179551079819021E+00
    8.478802992477488587E+00
    8.229426433875158153E+00
    7.980049875272838378E+00
    7.730673316670517714E+00
    7.481296758068205932E+00
    7.231920199465893262E+00
    6.982543640863589474E+00
    6.733167082261285685E+00
    6.483790523658989002E+00
    6.234413965056691431E+00
    5.985037406454400077E+00
    5.735660847852108724E+00
    5.486284289249822699E+00
    5.236907730647536674E+00
    4.987531172045256866E+00
    4.738154613442976171E+00
    4.488778054840700804E+00
    4.239401496238425437E+00
    3.990024937636154512E+00
    3.740648379033883586E+00
    3.491271820431617101E+00
    3.241895261829350616E+00
    2.992518703227086796E+00
    2.743142144624823420E+00
    2.493765586022562708E+00
    2.244389027420301996E+00
    1.995012468818043727E+00
    1.745635910215785458E+00
    1.496259351613529187E+00
    1.246882793011272916E+00
  997.506234409017755738E-03
  748.129675806762706181E-03
  498.753117204508378268E-03
  249.376558602254078112E-03
    0.000000000000000000E+00
