image 2
   75.062344139538581089E+00
   74.812967580934440548E+00
   74.563591022330314217E+00
   74.314214463726202098E+00
   74.064837905122089978E+00
   73.815461346517992069E+00
   73.566084787913908372E+00
   73.316708229309824674E+00
   73.067331670705755187E+00
   72.817955112101699910E+00
   72.568578553497644634E+00
   72.319201994893603569E+00
   72.069825436289576714E+00
   71.820448877685549860E+00
   71.571072319081537216E+00
   71.321695760477538784E+00
   71.072319201873540351E+00
   70.822942643269556129E+00
   70.573566084665586118E+00
   70.324189526061616107E+00
   70.074812967457660307E+00
   69.825436408853718717E+00
   69.576059850249777128E+00
   69.326683291645849749E+00
   69.077306733041936582E+00
   68.827930174438023414E+00
   68.578553615834124457E+00
   68.329177057230239711E+00
   68.079800498626354965E+00
   67.830423940022484430E+00
   67.581047381418628106E+00
   67.331670822814771782E+00
   67.082294264210929668E+00
   66.832917705607101766E+00
   66.583541147003273863E+00
   66.334164588399460172E+00
   66.084788029795660691E+00
   65.835411471191861210E+00
   65.586034912588075940E+00
   65.336658353984304881E+00
   65.087281795380533822E+00
   64.837905236776776974E+00
   64.588528678173034336E+00
   64.339152119569291699E+00
   64.089775560965563272E+00
   63.840399002361849057E+00
   63.591022443758141947E+00
   63.341645885154434836E+00
   63.092269326550734831E+00
   62.842892767947041932E+00
   62.593516209343356138E+00
   62.344139650739670344E+00
   62.094763092135991656E+00
   61.845386533532320072E+00
   61.596009974928648489E+00
   61.346633416324984012E+00
   61.097256857721326639E+00
   60.847880299117669267E+00
   60.598503740514019000E+00
   60.349127181910375839E+00
   60.099750623306732678E+00
   59.850374064703096622E+00
   59.600997506099467671E+00
   59.351620947495838720E+00
   59.102244388892216875E+00
   58.852867830288602136E+00
   58.603491271684987396E+00
   58.354114713081379762E+00
   58.104738154477779233E+00
   57.855361595874178704E+00
   57.605985037270585281E+00
   57.356608478666998963E+00
   57.107231920063412645E+00
   56.857855361459833432E+00
   56.608478802856261325E+00
   56.359102244252689218E+00
   56.109725685649124216E+00
   55.860349127045566320E+00
   55.610972568442008424E+00
   55.361596009838457633E+00
   55.112219451234913947E+00
   54.862842892631370262E+00
   54.613466334027833682E+00
   54.364089775424304207E+00
   54.114713216820774733E+00
   53.865336658217252364E+00
   53.615960099613737100E+00
   53.366583541010221836E+00
   53.117206982406713678E+00
   52.867830423803212625E+00
   52.618453865199711572E+00
   52.369077306596217625E+00
   52.119700747992730783E+00
   51.870324189389243941E+00
   51.620947630785764204E+00
   51.371571072182291573E+00
   51.122194513578833153E+00
   50.872817954975374732E+00
   50.623441396371923418E+00
   50.374064837768479208E+00
   50.124688279165042104E+00
   49.875311720561612105E+00
