image 3
   50.124688279165042104E+00
   49.875311720561612105E+00
   49.625935161958196318E+00
   49.376558603354801846E+00
   49.127182044751407375E+00
   48.877805486148020009E+00
   48.628428927544632643E+00
   48.379052368941252382E+00
   48.129675810337872122E+00
   47.880299251734506072E+00
   47.630922693131140022E+00
   47.381546134527781078E+00
   47.132169575924429239E+00
   46.882793017321084506E+00
   46.633416458717739772E+00
   46.384039900114409249E+00
   46.134663341511078727E+00
   45.885286782907755310E+00
   45.635910224304438998E+00
   45.386533665701129792E+00
   45.137157107097820585E+00
   44.887780548494525590E+00
   44.638403989891230594E+00
   44.389027431287942704E+00
   44.139650872684654814E+00
   43.890274314081374030E+00
   43.640897755478093245E+00
   43.391521196874833777E+00
   43.142144638271567203E+00
   42.892768079668314840E+00
   42.643391521065055372E+00
   42.394014962461810114E+00
   42.144638403858571962E+00
   41.895261845255340916E+00
   41.645885286652109869E+00
   41.396508728048885928E+00
   41.147132169445669092E+00
   40.897755610842459362E+00
   40.648379052239249631E+00
   40.399002493636054112E+00
   40.149625935032858592E+00
   39.900249376429670178E+00
   39.650872817826488870E+00
   39.401496259223307561E+00
   39.152119700620133358E+00
   38.902743142016973366E+00
   38.653366583413806268E+00
   38.403990024810653381E+00
   38.154613466207493389E+00
   37.905236907604347607E+00
   37.655860349001201826E+00
   37.406483790398070255E+00
   37.157107231794931579E+00
   36.907730673191807114E+00
   36.658354114588675543E+00
   36.408977555985558183E+00
   36.159600997382440823E+00
   35.910224438779337675E+00
   35.660847880176227420E+00
   35.411471321573131377E+00
   35.162094762970028228E+00
   34.912718204366939290E+00
   34.663341645763857457E+00
   34.413965087160775624E+00
   34.164588528557700897E+00
   33.915211969954633275E+00
   33.665835411351565654E+00
   33.416458852748505137E+00
   33.167082294145451726E+00
   32.917705735542398315E+00
   32.668329176939359115E+00
   32.418952618336319915E+00
   32.169576059733287821E+00
   31.920199501130248620E+00
   31.670822942527223631E+00
   31.421446383924198642E+00
   31.172069825321180758E+00
   30.922693266718162874E+00
   30.673316708115152096E+00
   30.423940149512144870E+00
   30.174563590909144750E+00
   29.925187032306141077E+00
   29.675810473703148062E+00
   29.426433915100155048E+00
   29.177057356497169138E+00
   28.927680797894183229E+00
   28.678304239291207978E+00
   28.428927680688229174E+00
   28.179551122085257475E+00
   27.930174563482289329E+00
   27.680798004879328289E+00
   27.431421446276367249E+00
   27.182044887673413314E+00
   26.932668329070462931E+00
   26.683291770467519655E+00
   26.433915211864572825E+00
   26.184538653261636654E+00
   25.935162094658700482E+00
   25.685785536055771416E+00
   25.436408977452842350E+00
   25.187032418849923943E+00
   24.937655860247012640E+00
